<?xml version="1.0" encoding="UTF-8"?>
<coverage generated="1739446600678" clover="3.2.0">
  <project timestamp="1739446600678" name="All files">
    <metrics statements="92" coveredstatements="83" conditionals="12" coveredconditionals="9" methods="9" coveredmethods="8" elements="113" coveredelements="100" complexity="0" loc="92" ncloc="92" packages="1" files="1" classes="1"/>
    <file name="index.ts" path="/home/waynevanson/code/waynevanson/typeorm-driver-lowdb/src/index.ts">
      <metrics statements="92" coveredstatements="83" conditionals="12" coveredconditionals="9" methods="9" coveredmethods="8"/>
      <line num="13" count="2" type="cond" truecount="1" falsecount="0"/>
      <line num="14" count="2" type="stmt"/>
      <line num="15" count="2" type="stmt"/>
      <line num="17" count="0" type="stmt"/>
      <line num="18" count="0" type="stmt"/>
      <line num="19" count="0" type="stmt"/>
      <line num="22" count="3" type="cond" truecount="1" falsecount="0"/>
      <line num="23" count="3" type="stmt"/>
      <line num="24" count="3" type="stmt"/>
      <line num="27" count="3" type="cond" truecount="1" falsecount="0"/>
      <line num="28" count="3" type="stmt"/>
      <line num="29" count="3" type="stmt"/>
      <line num="30" count="3" type="stmt"/>
      <line num="31" count="3" type="stmt"/>
      <line num="32" count="3" type="stmt"/>
      <line num="33" count="3" type="stmt"/>
      <line num="34" count="3" type="stmt"/>
      <line num="36" count="6" type="cond" truecount="1" falsecount="0"/>
      <line num="37" count="6" type="stmt"/>
      <line num="38" count="6" type="stmt"/>
      <line num="39" count="6" type="stmt"/>
      <line num="40" count="6" type="stmt"/>
      <line num="41" count="6" type="stmt"/>
      <line num="42" count="6" type="stmt"/>
      <line num="43" count="6" type="cond" truecount="1" falsecount="0"/>
      <line num="44" count="3" type="stmt"/>
      <line num="45" count="3" type="stmt"/>
      <line num="46" count="3" type="stmt"/>
      <line num="47" count="3" type="stmt"/>
      <line num="48" count="6" type="stmt"/>
      <line num="50" count="1" type="cond" truecount="1" falsecount="0"/>
      <line num="51" count="6" type="stmt"/>
      <line num="52" count="6" type="stmt"/>
      <line num="53" count="6" type="stmt"/>
      <line num="54" count="6" type="stmt"/>
      <line num="55" count="6" type="stmt"/>
      <line num="57" count="6" type="stmt"/>
      <line num="58" count="6" type="cond" truecount="1" falsecount="0"/>
      <line num="59" count="2" type="cond" truecount="0" falsecount="1"/>
      <line num="60" count="0" type="stmt"/>
      <line num="61" count="0" type="stmt"/>
      <line num="63" count="2" type="stmt"/>
      <line num="65" count="2" type="cond" truecount="0" falsecount="1"/>
      <line num="66" count="0" type="stmt"/>
      <line num="67" count="0" type="stmt"/>
      <line num="69" count="2" type="stmt"/>
      <line num="70" count="2" type="stmt"/>
      <line num="71" count="2" type="stmt"/>
      <line num="72" count="2" type="stmt"/>
      <line num="73" count="2" type="stmt"/>
      <line num="74" count="2" type="stmt"/>
      <line num="75" count="2" type="stmt"/>
      <line num="77" count="2" type="stmt"/>
      <line num="78" count="2" type="stmt"/>
      <line num="79" count="2" type="stmt"/>
      <line num="80" count="2" type="stmt"/>
      <line num="81" count="2" type="stmt"/>
      <line num="83" count="2" type="stmt"/>
      <line num="84" count="2" type="stmt"/>
      <line num="85" count="6" type="cond" truecount="1" falsecount="0"/>
      <line num="86" count="4" type="cond" truecount="0" falsecount="1"/>
      <line num="87" count="0" type="stmt"/>
      <line num="88" count="0" type="stmt"/>
      <line num="90" count="4" type="stmt"/>
      <line num="91" count="4" type="stmt"/>
      <line num="92" count="4" type="stmt"/>
      <line num="93" count="4" type="stmt"/>
      <line num="94" count="4" type="stmt"/>
      <line num="95" count="4" type="stmt"/>
      <line num="96" count="4" type="stmt"/>
      <line num="98" count="4" type="stmt"/>
      <line num="99" count="4" type="stmt"/>
      <line num="100" count="4" type="stmt"/>
      <line num="101" count="4" type="stmt"/>
      <line num="102" count="4" type="stmt"/>
      <line num="104" count="4" type="stmt"/>
      <line num="106" count="4" type="stmt"/>
      <line num="107" count="4" type="stmt"/>
      <line num="108" count="4" type="stmt"/>
      <line num="109" count="4" type="stmt"/>
      <line num="110" count="4" type="stmt"/>
      <line num="112" count="4" type="stmt"/>
      <line num="113" count="4" type="stmt"/>
      <line num="114" count="6" type="stmt"/>
      <line num="115" count="6" type="stmt"/>
      <line num="118" count="1" type="cond" truecount="1" falsecount="0"/>
      <line num="119" count="4" type="stmt"/>
      <line num="120" count="4" type="stmt"/>
      <line num="121" count="4" type="stmt"/>
      <line num="122" count="4" type="stmt"/>
      <line num="124" count="4" type="stmt"/>
      <line num="125" count="4" type="stmt"/>
    </file>
  </project>
</coverage>
